SF:lib/decimal.dart
DA:7,6
DA:8,6
DA:10,2
DA:11,5
DA:105,0
DA:107,2
DA:111,6
DA:115,0
DA:117,2
DA:118,4
DA:121,1
DA:122,3
DA:125,2
DA:126,2
DA:131,8
DA:132,4
DA:133,2
DA:135,2
DA:136,8
DA:137,0
DA:138,0
DA:140,2
DA:142,4
DA:144,4
DA:146,6
DA:147,0
DA:150,4
DA:153,2
DA:166,2
DA:167,2
DA:168,2
DA:169,0
DA:172,2
DA:173,2
DA:174,1
DA:177,2
DA:178,4
DA:179,0
DA:182,2
DA:183,6
DA:184,2
DA:186,2
DA:187,2
DA:188,6
DA:190,3
DA:203,2
DA:205,6
DA:206,4
DA:208,4
DA:209,2
DA:212,2
DA:213,6
DA:214,4
DA:217,2
DA:218,1
DA:220,8
DA:221,8
DA:222,2
DA:223,0
DA:228,0
DA:229,0
DA:233,0
DA:234,0
DA:238,0
DA:239,0
DA:243,1
DA:244,3
DA:245,5
DA:246,5
DA:247,2
DA:251,0
DA:252,0
DA:253,0
DA:254,0
DA:255,0
DA:259,0
DA:260,0
DA:270,1
DA:271,1
DA:274,2
DA:275,8
DA:278,1
DA:279,2
DA:280,1
DA:283,1
DA:284,1
DA:286,1
DA:287,0
DA:294,2
DA:296,2
DA:297,2
DA:299,6
DA:300,10
DA:301,10
DA:302,2
DA:306,6
DA:309,6
DA:312,6
DA:315,6
DA:318,2
DA:320,2
DA:321,4
DA:324,0
DA:325,0
DA:328,1
DA:329,4
DA:333,0
DA:334,0
DA:338,0
DA:339,0
DA:343,2
DA:344,4
DA:348,4
DA:349,3
DA:350,3
DA:353,6
DA:354,4
DA:356,4
DA:357,4
DA:358,6
DA:359,2
DA:362,2
DA:363,2
DA:364,4
DA:367,2
DA:369,2
DA:370,2
DA:371,2
DA:374,2
DA:375,2
DA:376,2
DA:379,2
DA:380,2
DA:381,4
DA:384,1
DA:385,1
DA:386,0
DA:389,1
DA:390,1
DA:391,4
DA:392,1
DA:393,1
DA:394,0
DA:398,1
DA:399,2
DA:400,1
DA:401,1
DA:407,2
DA:414,1
DA:415,1
DA:416,3
DA:422,2
DA:424,4
DA:427,2
DA:428,2
DA:431,4
DA:432,6
DA:434,10
DA:435,0
DA:437,2
DA:439,0
DA:440,0
DA:441,0
DA:442,0
DA:444,2
DA:446,0
DA:450,2
LF:167
LH:131
end_of_record
SF:lib/rational.dart
DA:9,2
DA:10,6
DA:13,2
DA:16,2
DA:18,2
DA:20,4
DA:21,1
DA:22,1
DA:24,2
DA:27,6
DA:29,2
DA:34,1
DA:36,1
DA:38,4
DA:39,3
DA:40,3
DA:41,1
DA:44,1
DA:46,2
DA:49,2
DA:50,8
DA:53,2
DA:55,2
DA:57,6
DA:58,6
DA:59,2
DA:62,2
DA:64,4
DA:65,1
DA:68,2
DA:70,6
DA:71,6
DA:72,2
DA:75,2
DA:77,2
DA:79,6
DA:80,6
DA:81,2
DA:84,1
DA:86,5
DA:89,1
DA:91,2
DA:94,2
DA:96,6
DA:99,2
DA:102,2
DA:103,2
DA:104,0
DA:109,4
DA:112,1
DA:114,1
DA:117,6
LF:52
LH:51
end_of_record
SF:lib/util.dart
DA:4,2
DA:5,4
DA:6,4
DA:10,2
DA:11,4
DA:12,4
DA:13,4
DA:14,4
DA:18,2
DA:19,2
DA:20,2
LF:11
LH:11
end_of_record
